[0.215s] Invoking command in '/root/project/slam_ws/src/stereo_slam_py': PYTHONPATH=/root/project/slam_ws/build/stereo_slam_py/prefix_override:/usr/lib/python3/dist-packages/colcon_core/task/python/colcon_distutils_commands:/root/project/slam_ws/install/stereo_slam_py/lib/python3.10/site-packages:${PYTHONPATH} VIRTUAL_ENV_PROMPT=(.venv) /usr/bin/python3 -W ignore:setup.py install is deprecated -W ignore:easy_install command is deprecated setup.py egg_info --egg-base ../../build/stereo_slam_py build --build-base /root/project/slam_ws/build/stereo_slam_py/build install --record /root/project/slam_ws/build/stereo_slam_py/install.log --single-version-externally-managed install_data
[0.299s] running egg_info
[0.299s] writing ../../build/stereo_slam_py/stereo_slam_py.egg-info/PKG-INFO
[0.299s] writing dependency_links to ../../build/stereo_slam_py/stereo_slam_py.egg-info/dependency_links.txt
[0.299s] writing entry points to ../../build/stereo_slam_py/stereo_slam_py.egg-info/entry_points.txt
[0.299s] writing requirements to ../../build/stereo_slam_py/stereo_slam_py.egg-info/requires.txt
[0.299s] writing top-level names to ../../build/stereo_slam_py/stereo_slam_py.egg-info/top_level.txt
[0.300s] reading manifest file '../../build/stereo_slam_py/stereo_slam_py.egg-info/SOURCES.txt'
[0.300s] writing manifest file '../../build/stereo_slam_py/stereo_slam_py.egg-info/SOURCES.txt'
[0.300s] running build
[0.300s] running build_py
[0.300s] running install
[0.300s] running install_lib
[0.301s] running install_data
[0.301s] running install_egg_info
[0.302s] removing '/root/project/slam_ws/install/stereo_slam_py/lib/python3.10/site-packages/stereo_slam_py-0.0.0-py3.10.egg-info' (and everything under it)
[0.302s] Copying ../../build/stereo_slam_py/stereo_slam_py.egg-info to /root/project/slam_ws/install/stereo_slam_py/lib/python3.10/site-packages/stereo_slam_py-0.0.0-py3.10.egg-info
[0.302s] running install_scripts
[0.310s] Installing stereo_slam_node script to /root/project/slam_ws/install/stereo_slam_py/lib/stereo_slam_py
[0.310s] writing list of installed files to '/root/project/slam_ws/build/stereo_slam_py/install.log'
[0.320s] Invoked command in '/root/project/slam_ws/src/stereo_slam_py' returned '0': PYTHONPATH=/root/project/slam_ws/build/stereo_slam_py/prefix_override:/usr/lib/python3/dist-packages/colcon_core/task/python/colcon_distutils_commands:/root/project/slam_ws/install/stereo_slam_py/lib/python3.10/site-packages:${PYTHONPATH} VIRTUAL_ENV_PROMPT=(.venv) /usr/bin/python3 -W ignore:setup.py install is deprecated -W ignore:easy_install command is deprecated setup.py egg_info --egg-base ../../build/stereo_slam_py build --build-base /root/project/slam_ws/build/stereo_slam_py/build install --record /root/project/slam_ws/build/stereo_slam_py/install.log --single-version-externally-managed install_data
