running egg_info
creating ../../build/disparity_mapping/disparity_mapping.egg-info
writing ../../build/disparity_mapping/disparity_mapping.egg-info/PKG-INFO
writing dependency_links to ../../build/disparity_mapping/disparity_mapping.egg-info/dependency_links.txt
writing entry points to ../../build/disparity_mapping/disparity_mapping.egg-info/entry_points.txt
writing requirements to ../../build/disparity_mapping/disparity_mapping.egg-info/requires.txt
writing top-level names to ../../build/disparity_mapping/disparity_mapping.egg-info/top_level.txt
writing manifest file '../../build/disparity_mapping/disparity_mapping.egg-info/SOURCES.txt'
reading manifest file '../../build/disparity_mapping/disparity_mapping.egg-info/SOURCES.txt'
writing manifest file '../../build/disparity_mapping/disparity_mapping.egg-info/SOURCES.txt'
running build
running build_py
creating /root/project/slam_ws/build/disparity_mapping/build
creating /root/project/slam_ws/build/disparity_mapping/build/lib
creating /root/project/slam_ws/build/disparity_mapping/build/lib/disparity_mapping
copying disparity_mapping/__init__.py -> /root/project/slam_ws/build/disparity_mapping/build/lib/disparity_mapping
copying disparity_mapping/disparity_mapper.py -> /root/project/slam_ws/build/disparity_mapping/build/lib/disparity_mapping
running install
running install_lib
creating /root/project/slam_ws/install/disparity_mapping/lib/python3.10/site-packages/disparity_mapping
copying /root/project/slam_ws/build/disparity_mapping/build/lib/disparity_mapping/__init__.py -> /root/project/slam_ws/install/disparity_mapping/lib/python3.10/site-packages/disparity_mapping
copying /root/project/slam_ws/build/disparity_mapping/build/lib/disparity_mapping/disparity_mapper.py -> /root/project/slam_ws/install/disparity_mapping/lib/python3.10/site-packages/disparity_mapping
byte-compiling /root/project/slam_ws/install/disparity_mapping/lib/python3.10/site-packages/disparity_mapping/__init__.py to __init__.cpython-310.pyc
byte-compiling /root/project/slam_ws/install/disparity_mapping/lib/python3.10/site-packages/disparity_mapping/disparity_mapper.py to disparity_mapper.cpython-310.pyc
running install_data
creating /root/project/slam_ws/install/disparity_mapping/share/ament_index
creating /root/project/slam_ws/install/disparity_mapping/share/ament_index/resource_index
creating /root/project/slam_ws/install/disparity_mapping/share/ament_index/resource_index/packages
copying resource/disparity_mapping -> /root/project/slam_ws/install/disparity_mapping/share/ament_index/resource_index/packages
copying package.xml -> /root/project/slam_ws/install/disparity_mapping/share/disparity_mapping
running install_egg_info
Copying ../../build/disparity_mapping/disparity_mapping.egg-info to /root/project/slam_ws/install/disparity_mapping/lib/python3.10/site-packages/disparity_mapping-0.0.0-py3.10.egg-info
running install_scripts
Installing disparity_mapper script to /root/project/slam_ws/install/disparity_mapping/lib/disparity_mapping
writing list of installed files to '/root/project/slam_ws/build/disparity_mapping/install.log'
