[0.907s] Invoking command in '/root/project/slam_ws/src/disparity_mapping': PYTHONPATH=/root/project/slam_ws/build/disparity_mapping/prefix_override:/usr/lib/python3/dist-packages/colcon_core/task/python/colcon_distutils_commands:/root/project/slam_ws/install/disparity_mapping/lib/python3.10/site-packages:${PYTHONPATH} _=/usr/bin/env /usr/bin/python3 -W ignore:setup.py install is deprecated -W ignore:easy_install command is deprecated setup.py egg_info --egg-base ../../build/disparity_mapping build --build-base /root/project/slam_ws/build/disparity_mapping/build install --record /root/project/slam_ws/build/disparity_mapping/install.log --single-version-externally-managed install_data
[1.108s] running egg_info
[1.109s] creating ../../build/disparity_mapping/disparity_mapping.egg-info
[1.116s] writing ../../build/disparity_mapping/disparity_mapping.egg-info/PKG-INFO
[1.116s] writing dependency_links to ../../build/disparity_mapping/disparity_mapping.egg-info/dependency_links.txt
[1.116s] writing entry points to ../../build/disparity_mapping/disparity_mapping.egg-info/entry_points.txt
[1.116s] writing requirements to ../../build/disparity_mapping/disparity_mapping.egg-info/requires.txt
[1.116s] writing top-level names to ../../build/disparity_mapping/disparity_mapping.egg-info/top_level.txt
[1.116s] writing manifest file '../../build/disparity_mapping/disparity_mapping.egg-info/SOURCES.txt'
[1.147s] ERROR setuptools_scm._file_finders.git listing git files failed - pretending there aren't any
[1.209s] reading manifest file '../../build/disparity_mapping/disparity_mapping.egg-info/SOURCES.txt'
[1.210s] writing manifest file '../../build/disparity_mapping/disparity_mapping.egg-info/SOURCES.txt'
[1.210s] running build
[1.210s] running build_py
[1.210s] creating /root/project/slam_ws/build/disparity_mapping/build
[1.210s] creating /root/project/slam_ws/build/disparity_mapping/build/lib
[1.210s] creating /root/project/slam_ws/build/disparity_mapping/build/lib/disparity_mapping
[1.210s] copying disparity_mapping/__init__.py -> /root/project/slam_ws/build/disparity_mapping/build/lib/disparity_mapping
[1.210s] copying disparity_mapping/disparity_mapper.py -> /root/project/slam_ws/build/disparity_mapping/build/lib/disparity_mapping
[1.210s] running install
[1.212s] running install_lib
[1.219s] creating /root/project/slam_ws/install/disparity_mapping/lib/python3.10/site-packages/disparity_mapping
[1.220s] copying /root/project/slam_ws/build/disparity_mapping/build/lib/disparity_mapping/__init__.py -> /root/project/slam_ws/install/disparity_mapping/lib/python3.10/site-packages/disparity_mapping
[1.220s] copying /root/project/slam_ws/build/disparity_mapping/build/lib/disparity_mapping/disparity_mapper.py -> /root/project/slam_ws/install/disparity_mapping/lib/python3.10/site-packages/disparity_mapping
[1.220s] byte-compiling /root/project/slam_ws/install/disparity_mapping/lib/python3.10/site-packages/disparity_mapping/__init__.py to __init__.cpython-310.pyc
[1.220s] byte-compiling /root/project/slam_ws/install/disparity_mapping/lib/python3.10/site-packages/disparity_mapping/disparity_mapper.py to disparity_mapper.cpython-310.pyc
[1.221s] running install_data
[1.221s] creating /root/project/slam_ws/install/disparity_mapping/share/ament_index
[1.221s] creating /root/project/slam_ws/install/disparity_mapping/share/ament_index/resource_index
[1.221s] creating /root/project/slam_ws/install/disparity_mapping/share/ament_index/resource_index/packages
[1.221s] copying resource/disparity_mapping -> /root/project/slam_ws/install/disparity_mapping/share/ament_index/resource_index/packages
[1.221s] copying package.xml -> /root/project/slam_ws/install/disparity_mapping/share/disparity_mapping
[1.221s] running install_egg_info
[1.228s] Copying ../../build/disparity_mapping/disparity_mapping.egg-info to /root/project/slam_ws/install/disparity_mapping/lib/python3.10/site-packages/disparity_mapping-0.0.0-py3.10.egg-info
[1.228s] running install_scripts
[1.258s] Installing disparity_mapper script to /root/project/slam_ws/install/disparity_mapping/lib/disparity_mapping
[1.258s] writing list of installed files to '/root/project/slam_ws/build/disparity_mapping/install.log'
[1.275s] Invoked command in '/root/project/slam_ws/src/disparity_mapping' returned '0': PYTHONPATH=/root/project/slam_ws/build/disparity_mapping/prefix_override:/usr/lib/python3/dist-packages/colcon_core/task/python/colcon_distutils_commands:/root/project/slam_ws/install/disparity_mapping/lib/python3.10/site-packages:${PYTHONPATH} _=/usr/bin/env /usr/bin/python3 -W ignore:setup.py install is deprecated -W ignore:easy_install command is deprecated setup.py egg_info --egg-base ../../build/disparity_mapping build --build-base /root/project/slam_ws/build/disparity_mapping/build install --record /root/project/slam_ws/build/disparity_mapping/install.log --single-version-externally-managed install_data
