[0.047s] DEBUG:colcon:Command line arguments: ['/usr/bin/colcon', 'build', '--packages-select', 'yolo_ros2_inference']
[0.047s] DEBUG:colcon:Parsed command line arguments: Namespace(log_base=None, log_level=None, verb_name='build', build_base='build', install_base='install', merge_install=False, symlink_install=False, test_result_base=None, continue_on_error=False, executor='parallel', parallel_workers=32, event_handlers=None, ignore_user_meta=False, metas=['./colcon.meta'], base_paths=['.'], packages_ignore=None, packages_ignore_regex=None, paths=None, packages_up_to=None, packages_up_to_regex=None, packages_above=None, packages_above_and_dependencies=None, packages_above_depth=None, packages_select_by_dep=None, packages_skip_by_dep=None, packages_skip_up_to=None, packages_select_build_failed=False, packages_skip_build_finished=False, packages_select_test_failures=False, packages_skip_test_passed=False, packages_select=['yolo_ros2_inference'], packages_skip=None, packages_select_regex=None, packages_skip_regex=None, packages_start=None, packages_end=None, allow_overriding=[], cmake_args=None, cmake_target=None, cmake_target_skip_unavailable=False, cmake_clean_cache=False, cmake_clean_first=False, cmake_force_configure=False, ament_cmake_args=None, catkin_cmake_args=None, catkin_skip_building_tests=False, verb_parser=<colcon_defaults.argument_parser.defaults.DefaultArgumentsDecorator object at 0x799094edf6d0>, verb_extension=<colcon_core.verb.build.BuildVerb object at 0x799094ede620>, main=<bound method BuildVerb.main of <colcon_core.verb.build.BuildVerb object at 0x799094ede620>>)
[0.159s] Level 1:colcon.colcon_core.package_discovery:discover_packages(colcon_meta) check parameters
[0.159s] Level 1:colcon.colcon_core.package_discovery:discover_packages(recursive) check parameters
[0.159s] Level 1:colcon.colcon_core.package_discovery:discover_packages(ignore) check parameters
[0.159s] Level 1:colcon.colcon_core.package_discovery:discover_packages(path) check parameters
[0.159s] Level 1:colcon.colcon_core.package_discovery:discover_packages(colcon_meta) discover
[0.160s] Level 1:colcon.colcon_core.package_discovery:discover_packages(recursive) discover
[0.160s] INFO:colcon.colcon_core.package_discovery:Crawling recursively for packages in '/root/project/slam_ws'
[0.160s] Level 1:colcon.colcon_core.package_identification:_identify(.) by extensions ['ignore', 'ignore_ament_install']
[0.160s] Level 1:colcon.colcon_core.package_identification:_identify(.) by extension 'ignore'
[0.160s] Level 1:colcon.colcon_core.package_identification:_identify(.) by extension 'ignore_ament_install'
[0.160s] Level 1:colcon.colcon_core.package_identification:_identify(.) by extensions ['colcon_pkg']
[0.160s] Level 1:colcon.colcon_core.package_identification:_identify(.) by extension 'colcon_pkg'
[0.160s] Level 1:colcon.colcon_core.package_identification:_identify(.) by extensions ['colcon_meta']
[0.160s] Level 1:colcon.colcon_core.package_identification:_identify(.) by extension 'colcon_meta'
[0.160s] Level 1:colcon.colcon_core.package_identification:_identify(.) by extensions ['ros']
[0.160s] Level 1:colcon.colcon_core.package_identification:_identify(.) by extension 'ros'
[0.166s] Level 1:colcon.colcon_core.package_identification:_identify(.) by extensions ['cmake', 'python']
[0.166s] Level 1:colcon.colcon_core.package_identification:_identify(.) by extension 'cmake'
[0.166s] Level 1:colcon.colcon_core.package_identification:_identify(.) by extension 'python'
[0.166s] Level 1:colcon.colcon_core.package_identification:_identify(.) by extensions ['python_setup_py']
[0.166s] Level 1:colcon.colcon_core.package_identification:_identify(.) by extension 'python_setup_py'
[0.166s] Level 1:colcon.colcon_core.package_identification:_identify(build) by extensions ['ignore', 'ignore_ament_install']
[0.166s] Level 1:colcon.colcon_core.package_identification:_identify(build) by extension 'ignore'
[0.166s] Level 1:colcon.colcon_core.package_identification:_identify(build) ignored
[0.166s] Level 1:colcon.colcon_core.package_identification:_identify(install) by extensions ['ignore', 'ignore_ament_install']
[0.166s] Level 1:colcon.colcon_core.package_identification:_identify(install) by extension 'ignore'
[0.166s] Level 1:colcon.colcon_core.package_identification:_identify(install) ignored
[0.166s] Level 1:colcon.colcon_core.package_identification:_identify(log) by extensions ['ignore', 'ignore_ament_install']
[0.166s] Level 1:colcon.colcon_core.package_identification:_identify(log) by extension 'ignore'
[0.166s] Level 1:colcon.colcon_core.package_identification:_identify(log) ignored
[0.166s] Level 1:colcon.colcon_core.package_identification:_identify(src) by extensions ['ignore', 'ignore_ament_install']
[0.166s] Level 1:colcon.colcon_core.package_identification:_identify(src) by extension 'ignore'
[0.167s] Level 1:colcon.colcon_core.package_identification:_identify(src) by extension 'ignore_ament_install'
[0.167s] Level 1:colcon.colcon_core.package_identification:_identify(src) by extensions ['colcon_pkg']
[0.167s] Level 1:colcon.colcon_core.package_identification:_identify(src) by extension 'colcon_pkg'
[0.167s] Level 1:colcon.colcon_core.package_identification:_identify(src) by extensions ['colcon_meta']
[0.167s] Level 1:colcon.colcon_core.package_identification:_identify(src) by extension 'colcon_meta'
[0.167s] Level 1:colcon.colcon_core.package_identification:_identify(src) by extensions ['ros']
[0.167s] Level 1:colcon.colcon_core.package_identification:_identify(src) by extension 'ros'
[0.167s] Level 1:colcon.colcon_core.package_identification:_identify(src) by extensions ['cmake', 'python']
[0.167s] Level 1:colcon.colcon_core.package_identification:_identify(src) by extension 'cmake'
[0.167s] Level 1:colcon.colcon_core.package_identification:_identify(src) by extension 'python'
[0.167s] Level 1:colcon.colcon_core.package_identification:_identify(src) by extensions ['python_setup_py']
[0.167s] Level 1:colcon.colcon_core.package_identification:_identify(src) by extension 'python_setup_py'
[0.167s] Level 1:colcon.colcon_core.package_identification:_identify(src/disparity_mapping) by extensions ['ignore', 'ignore_ament_install']
[0.167s] Level 1:colcon.colcon_core.package_identification:_identify(src/disparity_mapping) by extension 'ignore'
[0.167s] Level 1:colcon.colcon_core.package_identification:_identify(src/disparity_mapping) by extension 'ignore_ament_install'
[0.167s] Level 1:colcon.colcon_core.package_identification:_identify(src/disparity_mapping) by extensions ['colcon_pkg']
[0.167s] Level 1:colcon.colcon_core.package_identification:_identify(src/disparity_mapping) by extension 'colcon_pkg'
[0.167s] Level 1:colcon.colcon_core.package_identification:_identify(src/disparity_mapping) by extensions ['colcon_meta']
[0.167s] Level 1:colcon.colcon_core.package_identification:_identify(src/disparity_mapping) by extension 'colcon_meta'
[0.167s] Level 1:colcon.colcon_core.package_identification:_identify(src/disparity_mapping) by extensions ['ros']
[0.167s] Level 1:colcon.colcon_core.package_identification:_identify(src/disparity_mapping) by extension 'ros'
[0.168s] DEBUG:colcon.colcon_core.package_identification:Package 'src/disparity_mapping' with type 'ros.ament_python' and name 'disparity_mapping'
[0.168s] Level 1:colcon.colcon_core.package_identification:_identify(src/stereo_slam_py) by extensions ['ignore', 'ignore_ament_install']
[0.168s] Level 1:colcon.colcon_core.package_identification:_identify(src/stereo_slam_py) by extension 'ignore'
[0.168s] Level 1:colcon.colcon_core.package_identification:_identify(src/stereo_slam_py) by extension 'ignore_ament_install'
[0.168s] Level 1:colcon.colcon_core.package_identification:_identify(src/stereo_slam_py) by extensions ['colcon_pkg']
[0.168s] Level 1:colcon.colcon_core.package_identification:_identify(src/stereo_slam_py) by extension 'colcon_pkg'
[0.168s] Level 1:colcon.colcon_core.package_identification:_identify(src/stereo_slam_py) by extensions ['colcon_meta']
[0.168s] Level 1:colcon.colcon_core.package_identification:_identify(src/stereo_slam_py) by extension 'colcon_meta'
[0.168s] Level 1:colcon.colcon_core.package_identification:_identify(src/stereo_slam_py) by extensions ['ros']
[0.168s] Level 1:colcon.colcon_core.package_identification:_identify(src/stereo_slam_py) by extension 'ros'
[0.169s] DEBUG:colcon.colcon_core.package_identification:Package 'src/stereo_slam_py' with type 'ros.ament_python' and name 'stereo_slam_py'
[0.169s] Level 1:colcon.colcon_core.package_identification:_identify(src/yolo_ros2_inference) by extensions ['ignore', 'ignore_ament_install']
[0.169s] Level 1:colcon.colcon_core.package_identification:_identify(src/yolo_ros2_inference) by extension 'ignore'
[0.169s] Level 1:colcon.colcon_core.package_identification:_identify(src/yolo_ros2_inference) by extension 'ignore_ament_install'
[0.169s] Level 1:colcon.colcon_core.package_identification:_identify(src/yolo_ros2_inference) by extensions ['colcon_pkg']
[0.169s] Level 1:colcon.colcon_core.package_identification:_identify(src/yolo_ros2_inference) by extension 'colcon_pkg'
[0.169s] Level 1:colcon.colcon_core.package_identification:_identify(src/yolo_ros2_inference) by extensions ['colcon_meta']
[0.169s] Level 1:colcon.colcon_core.package_identification:_identify(src/yolo_ros2_inference) by extension 'colcon_meta'
[0.169s] Level 1:colcon.colcon_core.package_identification:_identify(src/yolo_ros2_inference) by extensions ['ros']
[0.169s] Level 1:colcon.colcon_core.package_identification:_identify(src/yolo_ros2_inference) by extension 'ros'
[0.169s] DEBUG:colcon.colcon_core.package_identification:Package 'src/yolo_ros2_inference' with type 'ros.ament_python' and name 'yolo_ros2_inference'
[0.169s] Level 1:colcon.colcon_core.package_discovery:discover_packages(recursive) using defaults
[0.169s] Level 1:colcon.colcon_core.package_discovery:discover_packages(ignore) discover
[0.170s] Level 1:colcon.colcon_core.package_discovery:discover_packages(ignore) using defaults
[0.170s] Level 1:colcon.colcon_core.package_discovery:discover_packages(path) discover
[0.170s] Level 1:colcon.colcon_core.package_discovery:discover_packages(path) using defaults
[0.178s] INFO:colcon.colcon_core.package_selection:Skipping not selected package 'disparity_mapping' in 'src/disparity_mapping'
[0.178s] INFO:colcon.colcon_core.package_selection:Skipping not selected package 'stereo_slam_py' in 'src/stereo_slam_py'
[0.178s] Level 1:colcon.colcon_core.package_discovery:discover_packages(prefix_path) check parameters
[0.178s] Level 1:colcon.colcon_core.package_discovery:discover_packages(prefix_path) discover
[0.180s] DEBUG:colcon.colcon_installed_package_information.package_discovery:Found 508 installed packages in /opt/ros/humble
[0.181s] Level 1:colcon.colcon_core.package_discovery:discover_packages(prefix_path) using defaults
[0.203s] Level 5:colcon.colcon_core.verb:set package 'yolo_ros2_inference' build argument 'cmake_args' from command line to 'None'
[0.203s] Level 5:colcon.colcon_core.verb:set package 'yolo_ros2_inference' build argument 'cmake_target' from command line to 'None'
[0.203s] Level 5:colcon.colcon_core.verb:set package 'yolo_ros2_inference' build argument 'cmake_target_skip_unavailable' from command line to 'False'
[0.203s] Level 5:colcon.colcon_core.verb:set package 'yolo_ros2_inference' build argument 'cmake_clean_cache' from command line to 'False'
[0.203s] Level 5:colcon.colcon_core.verb:set package 'yolo_ros2_inference' build argument 'cmake_clean_first' from command line to 'False'
[0.203s] Level 5:colcon.colcon_core.verb:set package 'yolo_ros2_inference' build argument 'cmake_force_configure' from command line to 'False'
[0.203s] Level 5:colcon.colcon_core.verb:set package 'yolo_ros2_inference' build argument 'ament_cmake_args' from command line to 'None'
[0.203s] Level 5:colcon.colcon_core.verb:set package 'yolo_ros2_inference' build argument 'catkin_cmake_args' from command line to 'None'
[0.203s] Level 5:colcon.colcon_core.verb:set package 'yolo_ros2_inference' build argument 'catkin_skip_building_tests' from command line to 'False'
[0.203s] DEBUG:colcon.colcon_core.verb:Building package 'yolo_ros2_inference' with the following arguments: {'ament_cmake_args': None, 'build_base': '/root/project/slam_ws/build/yolo_ros2_inference', 'catkin_cmake_args': None, 'catkin_skip_building_tests': False, 'cmake_args': None, 'cmake_clean_cache': False, 'cmake_clean_first': False, 'cmake_force_configure': False, 'cmake_target': None, 'cmake_target_skip_unavailable': False, 'install_base': '/root/project/slam_ws/install/yolo_ros2_inference', 'merge_install': False, 'path': '/root/project/slam_ws/src/yolo_ros2_inference', 'symlink_install': False, 'test_result_base': None}
[0.203s] INFO:colcon.colcon_core.executor:Executing jobs using 'parallel' executor
[0.203s] DEBUG:colcon.colcon_parallel_executor.executor.parallel:run_until_complete
[0.204s] INFO:colcon.colcon_ros.task.ament_python.build:Building ROS package in '/root/project/slam_ws/src/yolo_ros2_inference' with build type 'ament_python'
[0.204s] Level 1:colcon.colcon_core.shell:create_environment_hook('yolo_ros2_inference', 'ament_prefix_path')
[0.205s] INFO:colcon.colcon_core.plugin_system:Skipping extension 'colcon_core.shell.bat': Not used on non-Windows systems
[0.205s] INFO:colcon.colcon_core.shell:Creating environment hook '/root/project/slam_ws/install/yolo_ros2_inference/share/yolo_ros2_inference/hook/ament_prefix_path.ps1'
[0.206s] INFO:colcon.colcon_core.shell:Creating environment descriptor '/root/project/slam_ws/install/yolo_ros2_inference/share/yolo_ros2_inference/hook/ament_prefix_path.dsv'
[0.206s] INFO:colcon.colcon_core.shell:Creating environment hook '/root/project/slam_ws/install/yolo_ros2_inference/share/yolo_ros2_inference/hook/ament_prefix_path.sh'
[0.206s] INFO:colcon.colcon_core.shell:Skip shell extension 'powershell' for command environment: Not usable outside of PowerShell
[0.206s] DEBUG:colcon.colcon_core.shell:Skip shell extension 'dsv' for command environment
[0.414s] INFO:colcon.colcon_core.task.python.build:Building Python package in '/root/project/slam_ws/src/yolo_ros2_inference'
[0.414s] INFO:colcon.colcon_core.shell:Skip shell extension 'powershell' for command environment: Not usable outside of PowerShell
[0.414s] DEBUG:colcon.colcon_core.shell:Skip shell extension 'dsv' for command environment
[0.799s] DEBUG:colcon.colcon_core.event_handler.log_command:Invoking command in '/root/project/slam_ws/src/yolo_ros2_inference': PYTHONPATH=/root/project/slam_ws/build/yolo_ros2_inference/prefix_override:/usr/lib/python3/dist-packages/colcon_core/task/python/colcon_distutils_commands:/root/project/slam_ws/install/yolo_ros2_inference/lib/python3.10/site-packages:${PYTHONPATH} _=/usr/bin/env /usr/bin/python3 -W ignore:setup.py install is deprecated -W ignore:easy_install command is deprecated setup.py egg_info --egg-base ../../build/yolo_ros2_inference build --build-base /root/project/slam_ws/build/yolo_ros2_inference/build install --record /root/project/slam_ws/build/yolo_ros2_inference/install.log --single-version-externally-managed install_data
[1.141s] DEBUG:colcon.colcon_core.event_handler.log_command:Invoked command in '/root/project/slam_ws/src/yolo_ros2_inference' returned '0': PYTHONPATH=/root/project/slam_ws/build/yolo_ros2_inference/prefix_override:/usr/lib/python3/dist-packages/colcon_core/task/python/colcon_distutils_commands:/root/project/slam_ws/install/yolo_ros2_inference/lib/python3.10/site-packages:${PYTHONPATH} _=/usr/bin/env /usr/bin/python3 -W ignore:setup.py install is deprecated -W ignore:easy_install command is deprecated setup.py egg_info --egg-base ../../build/yolo_ros2_inference build --build-base /root/project/slam_ws/build/yolo_ros2_inference/build install --record /root/project/slam_ws/build/yolo_ros2_inference/install.log --single-version-externally-managed install_data
[1.142s] Level 1:colcon.colcon_core.environment:checking '/root/project/slam_ws/install/yolo_ros2_inference' for CMake module files
[1.143s] Level 1:colcon.colcon_core.environment:checking '/root/project/slam_ws/install/yolo_ros2_inference' for CMake config files
[1.143s] Level 1:colcon.colcon_core.environment:checking '/root/project/slam_ws/install/yolo_ros2_inference/lib'
[1.143s] Level 1:colcon.colcon_core.environment:checking '/root/project/slam_ws/install/yolo_ros2_inference/bin'
[1.143s] Level 1:colcon.colcon_core.environment:checking '/root/project/slam_ws/install/yolo_ros2_inference/lib/pkgconfig/yolo_ros2_inference.pc'
[1.143s] Level 1:colcon.colcon_core.environment:checking '/root/project/slam_ws/install/yolo_ros2_inference/lib/python3.10/site-packages'
[1.143s] Level 1:colcon.colcon_core.shell:create_environment_hook('yolo_ros2_inference', 'pythonpath')
[1.144s] INFO:colcon.colcon_core.shell:Creating environment hook '/root/project/slam_ws/install/yolo_ros2_inference/share/yolo_ros2_inference/hook/pythonpath.ps1'
[1.144s] INFO:colcon.colcon_core.shell:Creating environment descriptor '/root/project/slam_ws/install/yolo_ros2_inference/share/yolo_ros2_inference/hook/pythonpath.dsv'
[1.144s] INFO:colcon.colcon_core.shell:Creating environment hook '/root/project/slam_ws/install/yolo_ros2_inference/share/yolo_ros2_inference/hook/pythonpath.sh'
[1.145s] Level 1:colcon.colcon_core.environment:checking '/root/project/slam_ws/install/yolo_ros2_inference/bin'
[1.145s] Level 1:colcon.colcon_core.environment:create_environment_scripts_only(yolo_ros2_inference)
[1.145s] INFO:colcon.colcon_core.shell:Creating package script '/root/project/slam_ws/install/yolo_ros2_inference/share/yolo_ros2_inference/package.ps1'
[1.145s] INFO:colcon.colcon_core.shell:Creating package descriptor '/root/project/slam_ws/install/yolo_ros2_inference/share/yolo_ros2_inference/package.dsv'
[1.146s] INFO:colcon.colcon_core.shell:Creating package script '/root/project/slam_ws/install/yolo_ros2_inference/share/yolo_ros2_inference/package.sh'
[1.146s] INFO:colcon.colcon_core.shell:Creating package script '/root/project/slam_ws/install/yolo_ros2_inference/share/yolo_ros2_inference/package.bash'
[1.147s] INFO:colcon.colcon_core.shell:Creating package script '/root/project/slam_ws/install/yolo_ros2_inference/share/yolo_ros2_inference/package.zsh'
[1.147s] Level 1:colcon.colcon_core.environment:create_file_with_runtime_dependencies(/root/project/slam_ws/install/yolo_ros2_inference/share/colcon-core/packages/yolo_ros2_inference)
[1.147s] DEBUG:colcon.colcon_parallel_executor.executor.parallel:closing loop
[1.148s] DEBUG:colcon.colcon_parallel_executor.executor.parallel:loop closed
[1.148s] DEBUG:colcon.colcon_parallel_executor.executor.parallel:run_until_complete finished with '0'
[1.148s] DEBUG:colcon.colcon_core.event_reactor:joining thread
[1.151s] INFO:colcon.colcon_core.plugin_system:Skipping extension 'colcon_notification.desktop_notification.notify_send': Could not find 'notify-send'
[1.151s] INFO:colcon.colcon_core.plugin_system:Skipping extension 'colcon_notification.desktop_notification.terminal_notifier': Not used on non-Darwin systems
[1.151s] INFO:colcon.colcon_core.plugin_system:Skipping extension 'colcon_notification.desktop_notification.win32': Not used on non-Windows systems
[1.152s] INFO:colcon.colcon_notification.desktop_notification:Sending desktop notification using 'notify2'
[1.153s] DEBUG:colcon.colcon_notification.desktop_notification.notify2:Failed to initialize notify2: org.freedesktop.DBus.Error.Spawn.ExecFailed: /usr/bin/dbus-launch terminated abnormally without any error message
[1.153s] DEBUG:colcon.colcon_core.event_reactor:joined thread
[1.154s] INFO:colcon.colcon_core.shell:Creating prefix script '/root/project/slam_ws/install/local_setup.ps1'
[1.154s] INFO:colcon.colcon_core.shell:Creating prefix util module '/root/project/slam_ws/install/_local_setup_util_ps1.py'
[1.155s] INFO:colcon.colcon_core.shell:Creating prefix chain script '/root/project/slam_ws/install/setup.ps1'
[1.156s] INFO:colcon.colcon_core.shell:Creating prefix script '/root/project/slam_ws/install/local_setup.sh'
[1.156s] INFO:colcon.colcon_core.shell:Creating prefix util module '/root/project/slam_ws/install/_local_setup_util_sh.py'
[1.157s] INFO:colcon.colcon_core.shell:Creating prefix chain script '/root/project/slam_ws/install/setup.sh'
[1.157s] INFO:colcon.colcon_core.shell:Creating prefix script '/root/project/slam_ws/install/local_setup.bash'
[1.158s] INFO:colcon.colcon_core.shell:Creating prefix chain script '/root/project/slam_ws/install/setup.bash'
[1.158s] INFO:colcon.colcon_core.shell:Creating prefix script '/root/project/slam_ws/install/local_setup.zsh'
[1.159s] INFO:colcon.colcon_core.shell:Creating prefix chain script '/root/project/slam_ws/install/setup.zsh'
