running egg_info
creating ../../build/yolo_ros2_inference/yolo_ros2_inference.egg-info
writing ../../build/yolo_ros2_inference/yolo_ros2_inference.egg-info/PKG-INFO
writing dependency_links to ../../build/yolo_ros2_inference/yolo_ros2_inference.egg-info/dependency_links.txt
writing entry points to ../../build/yolo_ros2_inference/yolo_ros2_inference.egg-info/entry_points.txt
writing requirements to ../../build/yolo_ros2_inference/yolo_ros2_inference.egg-info/requires.txt
writing top-level names to ../../build/yolo_ros2_inference/yolo_ros2_inference.egg-info/top_level.txt
writing manifest file '../../build/yolo_ros2_inference/yolo_ros2_inference.egg-info/SOURCES.txt'
ERROR setuptools_scm._file_finders.git listing git files failed - pretending there aren't any
reading manifest file '../../build/yolo_ros2_inference/yolo_ros2_inference.egg-info/SOURCES.txt'
writing manifest file '../../build/yolo_ros2_inference/yolo_ros2_inference.egg-info/SOURCES.txt'
running build
running build_py
creating /root/project/slam_ws/build/yolo_ros2_inference/build
creating /root/project/slam_ws/build/yolo_ros2_inference/build/lib
creating /root/project/slam_ws/build/yolo_ros2_inference/build/lib/yolo_ros2_inference
copying yolo_ros2_inference/__init__.py -> /root/project/slam_ws/build/yolo_ros2_inference/build/lib/yolo_ros2_inference
copying yolo_ros2_inference/yolo_processor.py -> /root/project/slam_ws/build/yolo_ros2_inference/build/lib/yolo_ros2_inference
running install
running install_lib
creating /root/project/slam_ws/install/yolo_ros2_inference/lib/python3.10/site-packages/yolo_ros2_inference
copying /root/project/slam_ws/build/yolo_ros2_inference/build/lib/yolo_ros2_inference/__init__.py -> /root/project/slam_ws/install/yolo_ros2_inference/lib/python3.10/site-packages/yolo_ros2_inference
copying /root/project/slam_ws/build/yolo_ros2_inference/build/lib/yolo_ros2_inference/yolo_processor.py -> /root/project/slam_ws/install/yolo_ros2_inference/lib/python3.10/site-packages/yolo_ros2_inference
byte-compiling /root/project/slam_ws/install/yolo_ros2_inference/lib/python3.10/site-packages/yolo_ros2_inference/__init__.py to __init__.cpython-310.pyc
byte-compiling /root/project/slam_ws/install/yolo_ros2_inference/lib/python3.10/site-packages/yolo_ros2_inference/yolo_processor.py to yolo_processor.cpython-310.pyc
running install_data
creating /root/project/slam_ws/install/yolo_ros2_inference/share/ament_index
creating /root/project/slam_ws/install/yolo_ros2_inference/share/ament_index/resource_index
creating /root/project/slam_ws/install/yolo_ros2_inference/share/ament_index/resource_index/packages
copying resource/yolo_ros2_inference -> /root/project/slam_ws/install/yolo_ros2_inference/share/ament_index/resource_index/packages
copying package.xml -> /root/project/slam_ws/install/yolo_ros2_inference/share/yolo_ros2_inference
running install_egg_info
Copying ../../build/yolo_ros2_inference/yolo_ros2_inference.egg-info to /root/project/slam_ws/install/yolo_ros2_inference/lib/python3.10/site-packages/yolo_ros2_inference-0.0.0-py3.10.egg-info
running install_scripts
Installing yolo_processor script to /root/project/slam_ws/install/yolo_ros2_inference/lib/yolo_ros2_inference
writing list of installed files to '/root/project/slam_ws/build/yolo_ros2_inference/install.log'
