[0.595s] Invoking command in '/root/project/slam_ws/src/yolo_ros2_inference': PYTHONPATH=/root/project/slam_ws/build/yolo_ros2_inference/prefix_override:/usr/lib/python3/dist-packages/colcon_core/task/python/colcon_distutils_commands:/root/project/slam_ws/install/yolo_ros2_inference/lib/python3.10/site-packages:${PYTHONPATH} _=/usr/bin/env /usr/bin/python3 -W ignore:setup.py install is deprecated -W ignore:easy_install command is deprecated setup.py egg_info --egg-base ../../build/yolo_ros2_inference build --build-base /root/project/slam_ws/build/yolo_ros2_inference/build install --record /root/project/slam_ws/build/yolo_ros2_inference/install.log --single-version-externally-managed install_data
[0.786s] running egg_info
[0.793s] writing ../../build/yolo_ros2_inference/yolo_ros2_inference.egg-info/PKG-INFO
[0.793s] writing dependency_links to ../../build/yolo_ros2_inference/yolo_ros2_inference.egg-info/dependency_links.txt
[0.793s] writing entry points to ../../build/yolo_ros2_inference/yolo_ros2_inference.egg-info/entry_points.txt
[0.794s] writing requirements to ../../build/yolo_ros2_inference/yolo_ros2_inference.egg-info/requires.txt
[0.794s] writing top-level names to ../../build/yolo_ros2_inference/yolo_ros2_inference.egg-info/top_level.txt
[0.823s] ERROR setuptools_scm._file_finders.git listing git files failed - pretending there aren't any
[0.873s] reading manifest file '../../build/yolo_ros2_inference/yolo_ros2_inference.egg-info/SOURCES.txt'
[0.873s] writing manifest file '../../build/yolo_ros2_inference/yolo_ros2_inference.egg-info/SOURCES.txt'
[0.873s] running build
[0.873s] running build_py
[0.873s] running install
[0.876s] running install_lib
[0.883s] running install_data
[0.883s] running install_egg_info
[0.891s] removing '/root/project/slam_ws/install/yolo_ros2_inference/lib/python3.10/site-packages/yolo_ros2_inference-0.0.0-py3.10.egg-info' (and everything under it)
[0.891s] Copying ../../build/yolo_ros2_inference/yolo_ros2_inference.egg-info to /root/project/slam_ws/install/yolo_ros2_inference/lib/python3.10/site-packages/yolo_ros2_inference-0.0.0-py3.10.egg-info
[0.891s] running install_scripts
[0.920s] Installing yolo_processor script to /root/project/slam_ws/install/yolo_ros2_inference/lib/yolo_ros2_inference
[0.920s] writing list of installed files to '/root/project/slam_ws/build/yolo_ros2_inference/install.log'
[0.937s] Invoked command in '/root/project/slam_ws/src/yolo_ros2_inference' returned '0': PYTHONPATH=/root/project/slam_ws/build/yolo_ros2_inference/prefix_override:/usr/lib/python3/dist-packages/colcon_core/task/python/colcon_distutils_commands:/root/project/slam_ws/install/yolo_ros2_inference/lib/python3.10/site-packages:${PYTHONPATH} _=/usr/bin/env /usr/bin/python3 -W ignore:setup.py install is deprecated -W ignore:easy_install command is deprecated setup.py egg_info --egg-base ../../build/yolo_ros2_inference build --build-base /root/project/slam_ws/build/yolo_ros2_inference/build install --record /root/project/slam_ws/build/yolo_ros2_inference/install.log --single-version-externally-managed install_data
